[debug] [2025-12-28T13:22:34.574Z] ----------------------------------------------------------------------
[debug] [2025-12-28T13:22:34.581Z] Command:       C:\Program Files\nodejs\node.exe C:\Users\User\AppData\Roaming\npm\node_modules\firebase-tools\lib\bin\firebase.js deploy --only hosting
[debug] [2025-12-28T13:22:34.582Z] CLI Version:   15.1.0
[debug] [2025-12-28T13:22:34.583Z] Platform:      win32
[debug] [2025-12-28T13:22:34.583Z] Node Version:  v24.12.0
[debug] [2025-12-28T13:22:34.583Z] Time:          Sun Dec 28 2025 21:22:34 GMT+0800 (Malaysia Time)
[debug] [2025-12-28T13:22:34.584Z] ----------------------------------------------------------------------
[debug] 
[debug] [2025-12-28T13:22:50.487Z] > command requires scopes: ["email","openid","https://www.googleapis.com/auth/cloudplatformprojects.readonly","https://www.googleapis.com/auth/firebase","https://www.googleapis.com/auth/cloud-platform"]
[debug] [2025-12-28T13:22:50.488Z] > authorizing via signed-in user (anasnide@gmail.com)
[debug] [2025-12-28T13:22:50.489Z] [iam] checking project anas-nidir for permissions ["firebase.projects.get","firebasehosting.sites.update"]
[debug] [2025-12-28T13:22:50.491Z] Checked if tokens are valid: false, expires at: 1766928954065
[debug] [2025-12-28T13:22:50.492Z] Checked if tokens are valid: false, expires at: 1766928954065
[debug] [2025-12-28T13:22:50.492Z] > refreshing access token with scopes: []
[debug] [2025-12-28T13:22:50.522Z] >>> [apiv2][query] POST https://www.googleapis.com/oauth2/v3/token [none]
[debug] [2025-12-28T13:22:50.522Z] >>> [apiv2][body] POST https://www.googleapis.com/oauth2/v3/token [omitted]
[debug] [2025-12-28T13:22:50.881Z] <<< [apiv2][status] POST https://www.googleapis.com/oauth2/v3/token 200
[debug] [2025-12-28T13:22:50.881Z] <<< [apiv2][body] POST https://www.googleapis.com/oauth2/v3/token [omitted]
[debug] [2025-12-28T13:22:50.894Z] >>> [apiv2][query] POST https://cloudresourcemanager.googleapis.com/v1/projects/anas-nidir:testIamPermissions [none]
[debug] [2025-12-28T13:22:50.895Z] >>> [apiv2][(partial)header] POST https://cloudresourcemanager.googleapis.com/v1/projects/anas-nidir:testIamPermissions x-goog-quota-user=projects/anas-nidir
[debug] [2025-12-28T13:22:50.895Z] >>> [apiv2][body] POST https://cloudresourcemanager.googleapis.com/v1/projects/anas-nidir:testIamPermissions {"permissions":["firebase.projects.get","firebasehosting.sites.update"]}
